<?xml version="1.0" encoding="UTF-8"?>
<!-- Generated by org.testng.reporters.JUnitReportReporter -->
<testsuite hostname="DESKTOP-NJU02AH" failures="0" tests="2" name="rahulshettyacedemy.Tests.ErrorValidationsTest" time="11.473" errors="0" timestamp="2024-09-19T18:32:30 IST" skipped="0">
  <testcase classname="rahulshettyacedemy.Tests.ErrorValidationsTest" name="ProductErrorValidation" time="6.469"/>
  <system-out/>
  <testcase classname="rahulshettyacedemy.Tests.ErrorValidationsTest" name="loginErrorValidation" time="5.004"/>
  <system-out/>
</testsuite> <!-- rahulshettyacedemy.Tests.ErrorValidationsTest -->
