<?xml version="1.0" encoding="UTF-8"?>
<!-- Generated by org.testng.reporters.JUnitReportReporter -->
<testsuite hostname="DESKTOP-NJU02AH" failures="0" tests="1" name="cucumber.TestNGTestRunner$TestNGRunner" time="5.686" errors="0" timestamp="2024-09-20T20:01:48 IST" skipped="0">
  <testcase classname="cucumber.TestNGTestRunner$TestNGRunner" name="runScenario" time="5.686"/>
</testsuite> <!-- cucumber.TestNGTestRunner$TestNGRunner -->
