<?xml version="1.0" encoding="UTF-8"?>
<!-- Generated by org.testng.reporters.JUnitReportReporter -->
<testsuite hostname="DESKTOP-NJU02AH" failures="0" tests="2" name="rahulshettyacedemy.Tests.ErrorValidationsTest" time="24.753" errors="0" timestamp="2024-09-23T19:13:43 IST" skipped="0">
  <testcase classname="rahulshettyacedemy.Tests.ErrorValidationsTest" name="loginErrorValidation" time="6.005"/>
  <testcase classname="rahulshettyacedemy.Tests.ErrorValidationsTest" name="ProductErrorValidation" time="18.748"/>
</testsuite> <!-- rahulshettyacedemy.Tests.ErrorValidationsTest -->
